d:\institute\7semester\appanddbdeveloping\lr1\lr1\x64\debug\vc143.pdb
d:\institute\7semester\appanddbdeveloping\lr1\lr1\x64\debug\vc143.idb
d:\institute\7semester\appanddbdeveloping\lr1\lr1\x64\debug\sqlconnection.obj
d:\institute\7semester\appanddbdeveloping\lr1\lr1\x64\debug\showerror.obj
d:\institute\7semester\appanddbdeveloping\lr1\lr1\x64\debug\servicemapper.obj
d:\institute\7semester\appanddbdeveloping\lr1\lr1\x64\debug\service.obj
d:\institute\7semester\appanddbdeveloping\lr1\lr1\x64\debug\schedulemapper.obj
d:\institute\7semester\appanddbdeveloping\lr1\lr1\x64\debug\schedule.obj
d:\institute\7semester\appanddbdeveloping\lr1\lr1\x64\debug\roommapper.obj
d:\institute\7semester\appanddbdeveloping\lr1\lr1\x64\debug\room.obj
d:\institute\7semester\appanddbdeveloping\lr1\lr1\x64\debug\passportmapper.obj
d:\institute\7semester\appanddbdeveloping\lr1\lr1\x64\debug\passport.obj
d:\institute\7semester\appanddbdeveloping\lr1\lr1\x64\debug\main.obj
d:\institute\7semester\appanddbdeveloping\lr1\lr1\x64\debug\migrations.obj
d:\institute\7semester\appanddbdeveloping\lr1\lr1\x64\debug\mapper.obj
d:\institute\7semester\appanddbdeveloping\lr1\lr1\x64\debug\maidmapper.obj
d:\institute\7semester\appanddbdeveloping\lr1\lr1\x64\debug\maid.obj
d:\institute\7semester\appanddbdeveloping\lr1\lr1\x64\debug\guest.obj
d:\institute\7semester\appanddbdeveloping\lr1\lr1\x64\debug\addressmapper.obj
d:\institute\7semester\appanddbdeveloping\lr1\lr1\x64\debug\address.obj
d:\institute\7semester\appanddbdeveloping\lr1\x64\debug\lr1.exe
d:\institute\7semester\appanddbdeveloping\lr1\lr1\x64\debug\lr1.ilk
d:\institute\7semester\appanddbdeveloping\lr1\x64\debug\lr1.pdb
d:\institute\7semester\appanddbdeveloping\lr1\lr1\x64\debug\lr1.tlog\cl.command.1.tlog
d:\institute\7semester\appanddbdeveloping\lr1\lr1\x64\debug\lr1.tlog\cl.read.1.tlog
d:\institute\7semester\appanddbdeveloping\lr1\lr1\x64\debug\lr1.tlog\cl.write.1.tlog
d:\institute\7semester\appanddbdeveloping\lr1\lr1\x64\debug\lr1.tlog\link.command.1.tlog
d:\institute\7semester\appanddbdeveloping\lr1\lr1\x64\debug\lr1.tlog\link.read.1.tlog
d:\institute\7semester\appanddbdeveloping\lr1\lr1\x64\debug\lr1.tlog\link.write.1.tlog
